\BOOKMARK [0][-]{dummy.4}{\376\377\000A\000b\000s\000t\000r\000a\000c\000t}{}% 1
\BOOKMARK [0][-]{dummy.6}{\376\377\000S\000u\000m\000m\000a\000r\000y}{}% 2
\BOOKMARK [0][-]{dummy.8}{\376\377\000A\000c\000k\000n\000o\000w\000l\000e\000d\000g\000m\000e\000n\000t}{}% 3
\BOOKMARK [0][-]{dummy.12}{\376\377\000T\000a\000b\000l\000e\000\040\000o\000f\000\040\000C\000o\000n\000t\000e\000n\000t\000s}{}% 4
\BOOKMARK [0][-]{dummy.13}{\376\377\000L\000i\000s\000t\000\040\000o\000f\000\040\000F\000i\000g\000u\000r\000e\000s}{}% 5
\BOOKMARK [0][-]{dummy.15}{\376\377\000L\000i\000s\000t\000\040\000o\000f\000\040\000T\000a\000b\000l\000e\000s}{}% 6
\BOOKMARK [0][-]{dummy.18}{\376\377\000L\000i\000s\000t\000\040\000o\000f\000\040\000A\000l\000g\000o\000r\000i\000t\000h\000m\000s}{}% 7
\BOOKMARK [0][-]{dummy.22}{\376\377\000L\000i\000s\000t\000\040\000o\000f\000\040\000A\000b\000b\000r\000e\000v\000i\000a\000t\000i\000o\000n\000s}{}% 8
\BOOKMARK [0][-]{dummy.25}{\376\377\000L\000i\000s\000t\000\040\000o\000f\000\040\000S\000y\000m\000b\000o\000l\000s}{}% 9
\BOOKMARK [0][-]{chapter.28}{\376\377\0001\000\040\000I\000n\000t\000r\000o\000d\000u\000c\000t\000i\000o\000n}{}% 10
\BOOKMARK [0][-]{chapter.29}{\376\377\0002\000\040\000R\000e\000l\000a\000t\000e\000d\000\040\000W\000o\000r\000d}{}% 11
\BOOKMARK [1][-]{section.30}{\376\377\0002\000.\0001\000\040\000Q\000u\000r\000a\000n\000\040\000P\000r\000o\000n\000u\000n\000c\000i\000a\000t\000i\000o\000n\000\040\000D\000a\000t\000a\000s\000e\000t\000s}{chapter.29}% 12
\BOOKMARK [1][-]{section.32}{\376\377\0002\000.\0002\000\040\000Q\000u\000r\000a\000n\000\040\000P\000r\000o\000n\000u\000n\000c\000i\000a\000t\000i\000o\000n\000\040\000M\000o\000d\000e\000l\000s}{chapter.29}% 13
\BOOKMARK [1][-]{section.33}{\376\377\0002\000.\0003\000\040\000P\000r\000e\000t\000r\000a\000i\000n\000e\000d\000\040\000S\000p\000e\000e\000c\000h\000\040\000E\000n\000c\000o\000d\000e\000r\000s\000\040\000w\000i\000t\000h\000\040\000S\000e\000l\000f\000-\000S\000u\000p\000e\000r\000v\000i\000s\000e\000d\000\040\000L\000e\000a\000r\000n\000i\000n\000g\000\040\000\050\000S\000S\000L\000\051}{chapter.29}% 14
\BOOKMARK [0][-]{chapter.34}{\376\377\0003\000\040\000T\000h\000e\000\040\000Q\000u\000r\000a\000n\000\040\000P\000h\000o\000n\000e\000t\000i\000c\000\040\000S\000c\000r\000i\000p\000t}{}% 15
\BOOKMARK [1][-]{section.35}{\376\377\0003\000.\0001\000\040\000I\000n\000t\000r\000o\000u\000d\000c\000t\000i\000o\000n}{chapter.34}% 16
\BOOKMARK [2][-]{subsection.36}{\376\377\0003\000.\0001\000.\0001\000\040\000M\000o\000t\000i\000v\000a\000t\000i\000o\000n\000\040\000f\000o\000r\000\040\000D\000e\000v\000e\000l\000o\000p\000i\000n\000g\000\040\000Q\000u\000r\000a\000n\000\040\000P\000h\000o\000n\000e\000t\000i\000c\000\040\000S\000c\000r\000i\000p\000t}{section.35}% 17
\BOOKMARK [2][-]{subsection.37}{\376\377\0003\000.\0001\000.\0002\000\040\000B\000a\000c\000k\000g\000r\000o\000u\000n\000d}{section.35}% 18
\BOOKMARK [2][-]{subsection.41}{\376\377\0003\000.\0001\000.\0003\000\040\000D\000e\000f\000i\000n\000i\000n\000g\000\040\000M\000i\000s\000t\000a\000k\000e\000s\000\040\000i\000n\000\040\000Q\000u\000r\000a\000n\000\040\000R\000e\000c\000i\000t\000a\000t\000i\000o\000n}{section.35}% 19
\BOOKMARK [2][-]{subsection.45}{\376\377\0003\000.\0001\000.\0004\000\040\000P\000h\000o\000n\000e\000m\000e\000\040\000S\000e\000t\000\040\000\050\0004\0003\000\040\000S\000y\000m\000b\000o\000l\000s\000\051}{section.35}% 20
\BOOKMARK [2][-]{subsection.47}{\376\377\0003\000.\0001\000.\0005\000\040\000S\000i\000f\000a\000t\000\040\000\050\000A\000t\000t\000r\000i\000b\000u\000t\000e\000s\000\051\000\040\000\050\0001\0000\000\051}{section.35}% 21
\BOOKMARK [2][-]{subsection.49}{\376\377\0003\000.\0001\000.\0006\000\040\000D\000e\000v\000e\000l\000o\000p\000m\000e\000n\000t\000\040\000M\000e\000t\000h\000o\000d\000o\000l\000o\000g\000y}{section.35}% 22
\BOOKMARK [1][-]{section.52}{\376\377\0003\000.\0002\000\040\000C\000o\000n\000v\000e\000r\000t\000i\000n\000g\000\040\000I\000m\000l\000a\000e\000y\000\040\000S\000c\000r\000i\000p\000t\000\040\000t\000o\000\040\000U\000t\000h\000m\000a\000n\000i\000\040\000S\000c\000r\000i\000p\000t}{chapter.34}% 23
\BOOKMARK [2][-]{subsection.54}{\376\377\0003\000.\0002\000.\0001\000\040\000A\000n\000n\000o\000t\000a\000t\000i\000o\000n\000\040\000P\000l\000a\000t\000f\000o\000r\000m}{section.52}% 24
\BOOKMARK [2][-]{subsection.58}{\376\377\0003\000.\0002\000.\0002\000\040\000O\000b\000s\000e\000r\000v\000a\000t\000i\000o\000n\000s}{section.52}% 25
\BOOKMARK [2][-]{subsection.61}{\376\377\0003\000.\0002\000.\0003\000\040\000I\000m\000l\000a\000e\000y\000\040\000t\000o\000\040\000U\000t\000h\000m\000a\000n\000i\000\040\000A\000l\000g\000o\000r\000i\000t\000h\000m}{section.52}% 26
\BOOKMARK [1][-]{section.64}{\376\377\0003\000.\0003\000\040\000Q\000u\000r\000a\000n\000\040\000P\000h\000o\000n\000e\000t\000i\000c\000\040\000S\000c\000r\000i\000p\000t\000\040\000C\000o\000n\000s\000t\000r\000u\000c\000t\000i\000o\000n}{chapter.34}% 27
\BOOKMARK [2][-]{subsection.65}{\376\377\0003\000.\0003\000.\0001\000\040\000P\000h\000o\000n\000e\000m\000e\000s\000\040\000L\000e\000v\000e\000l}{section.64}% 28
\BOOKMARK [3][-]{subsubsection.71}{\376\377\0003\000.\0003\000.\0001\000.\0001\000\040\000D\000i\000s\000c\000o\000n\000n\000e\000c\000t\000e\000d\000\040\000L\000e\000t\000t\000e\000r\000s}{subsection.65}% 29
\BOOKMARK [3][-]{subsubsection.72}{\376\377\0003\000.\0003\000.\0001\000.\0002\000\040\000M\000a\000d\000d\000\040\000\050\006\047\006\104\006\105\006\057\000\051}{subsection.65}% 30
\BOOKMARK [4][-]{section*.73}{\376\377\000N\000o\000r\000m\000a\000l\000\040\000M\000a\000d\000d\000\040\000\050\006\047\006\104\006\105\006\057\000\040\006\047\006\104\006\067\006\050\006\112\006\071\006\112\000\051}{subsubsection.72}% 31
\BOOKMARK [4][-]{section*.75}{\376\377\000M\000a\000d\000d\000\040\000S\000m\000a\000l\000l\000\040\000S\000i\000l\000a\000h\000\040\000\050\006\105\006\057\000\040\006\047\006\104\006\065\006\104\006\051\000\040\006\047\006\104\006\065\006\072\006\061\006\111\000\051}{subsubsection.72}% 32
\BOOKMARK [4][-]{section*.77}{\376\377\000M\000a\000d\000d\000\040\000A\000l\000-\000'\000I\000w\000a\000d\000\040\000\050\006\105\006\057\000\040\006\047\006\104\006\071\006\110\006\066\000\051}{subsubsection.72}% 33
\BOOKMARK [3][-]{subsubsection.79}{\376\377\0003\000.\0003\000.\0001\000.\0003\000\040\000M\000a\000d\000d\000\040\000A\000l\000-\000M\000u\000n\000f\000a\000s\000i\000l\000\040\000\050\006\105\006\057\000\040\006\047\006\104\006\105\006\106\006\101\006\065\006\104\000\051}{subsection.65}% 34
\BOOKMARK [4][-]{section*.81}{\376\377\000M\000a\000d\000d\000\040\000A\000s\000-\000S\000i\000l\000a\000h\000\040\000A\000l\000-\000K\000u\000b\000r\000a\000\040\000\050\006\105\006\057\000\040\006\047\006\104\006\065\006\104\006\051\000\040\006\047\006\104\006\103\006\050\006\061\006\111\000\051}{subsubsection.79}% 35
\BOOKMARK [4][-]{section*.83}{\376\377\000M\000a\000d\000d\000\040\000A\000l\000-\000M\000u\000t\000t\000a\000s\000i\000l\000\040\000\050\006\047\006\104\006\105\006\057\000\040\006\047\006\104\006\105\006\052\006\065\006\104\000\051}{subsubsection.79}% 36
\BOOKMARK [4][-]{section*.85}{\376\377\000M\000a\000d\000d\000\040\000A\000l\000-\000L\000a\000z\000i\000m\000\040\000\050\006\047\006\104\006\105\006\057\000\040\006\047\006\104\006\104\006\047\006\062\006\105\000\051}{subsubsection.79}% 37
\BOOKMARK [4][-]{section*.87}{\376\377\000M\000a\000d\000d\000\040\000A\000l\000-\006\071\006\047\006\061\006\066\000\040\000L\000i\000-\000S\000-\006\063\006\103\006\110\006\106\000\040\000\050\006\105\006\057\000\040\006\047\006\104\006\071\006\047\006\061\006\066\000\040\006\104\006\104\006\063\006\103\006\110\006\106\000\051}{subsubsection.79}% 38
\BOOKMARK [4][-]{section*.88}{\376\377\000M\000a\000d\000d\000\040\000A\000l\000-\006\104\006\112\006\106\000\040\000\050\006\105\006\057\000\040\006\047\006\104\006\104\006\112\006\106\000\051}{subsubsection.79}% 39
\BOOKMARK [3][-]{subsubsection.90}{\376\377\0003\000.\0003\000.\0001\000.\0004\000\040\000G\000h\000u\000n\000n\000a\000h\000\040\000\050\006\047\006\104\006\071\006\106\006\051\000\051}{subsection.65}% 40
\BOOKMARK [4][-]{section*.91}{\376\377\000N\000o\000o\000n\000\040\000M\000u\000s\000h\000a\000d\000d\000a\000d\000a\000h\000\040\000\050\006\047\006\104\006\106\006\110\006\106\000\040\006\047\006\104\006\105\006\064\006\057\006\057\006\051\000\051}{subsubsection.90}% 41
\BOOKMARK [4][-]{section*.93}{\376\377\000M\000e\000e\000m\000\040\000M\000u\000s\000h\000a\000d\000d\000a\000d\000a\000h\000\040\000\050\006\047\006\104\006\105\006\112\006\105\000\040\006\047\006\104\006\105\006\064\006\057\006\057\006\051\000\051}{subsubsection.90}% 42
\BOOKMARK [4][-]{section*.95}{\376\377\000I\000k\000h\000f\000a\000a\000\040\000f\000o\000r\000\040\000N\000o\000o\000n\000\040\000\050\006\045\006\056\006\101\006\047\006\041\000\040\006\047\006\104\006\106\006\110\006\106\000\040\006\047\006\104\006\063\006\047\006\103\006\106\006\051\000\051}{subsubsection.90}% 43
\BOOKMARK [4][-]{section*.97}{\376\377\000I\000d\000g\000h\000a\000m\000\040\000f\000o\000r\000\040\000N\000o\000o\000n\000\040\000w\000i\000t\000h\000\040\000Y\000a\000a\000\040\000a\000n\000d\000\040\000W\000a\000w\000\040\000\050\006\045\006\057\006\072\006\047\006\105\000\040\006\047\006\104\006\106\006\110\006\106\000\040\006\047\006\104\006\063\006\047\006\103\006\106\006\051\000\040\006\105\006\071\000\040\006\047\006\104\006\112\006\047\006\041\000\040\006\110\006\047\006\104\006\110\006\047\006\110\000\051}{subsubsection.90}% 44
\BOOKMARK [4][-]{section*.99}{\376\377\000I\000k\000h\000f\000a\000a\000\040\000f\000o\000r\000\040\000M\000e\000e\000m\000\040\000\050\006\045\006\056\006\101\006\047\006\041\000\040\006\047\006\104\006\105\006\112\006\105\000\040\006\047\006\104\006\063\006\047\006\103\006\106\006\051\000\051}{subsubsection.90}% 45
\BOOKMARK [3][-]{subsubsection.101}{\376\377\0003\000.\0003\000.\0001\000.\0005\000\040\000I\000d\000g\000h\000a\000m\000\040\000\050\006\047\006\104\006\045\006\057\006\072\006\047\006\105\000\051}{subsection.65}% 46
\BOOKMARK [3][-]{subsubsection.102}{\376\377\0003\000.\0003\000.\0001\000.\0006\000\040\000S\000a\000k\000i\000n\000\040\000L\000e\000t\000t\000e\000r\000\040\000\050\006\047\006\104\006\055\006\061\006\101\000\040\006\047\006\104\006\063\006\047\006\103\006\106\000\051}{subsection.65}% 47
\BOOKMARK [3][-]{subsubsection.106}{\376\377\0003\000.\0003\000.\0001\000.\0007\000\040\000P\000a\000u\000s\000i\000n\000g\000\040\000\050\006\110\006\116\006\102\006\122\006\101\000\051}{subsection.65}% 48
\BOOKMARK [3][-]{subsubsection.107}{\376\377\0003\000.\0003\000.\0001\000.\0008\000\040\000H\000a\000m\000z\000a\000t\000\040\000A\000l\000-\000W\000a\000s\000l\000\040\000\050\006\107\006\105\006\062\006\051\000\040\006\047\006\104\006\110\006\065\006\104\000\051}{subsection.65}% 49
\BOOKMARK [4][-]{section*.109}{\376\377\000M\000e\000e\000t\000i\000n\000g\000\040\000T\000w\000o\000\040\000H\000a\000m\000z\000a\000s\000\040\000\050\000S\000e\000c\000o\000n\000d\000\040\000O\000n\000e\000\040\000i\000s\000\040\000S\000a\000k\000i\000n\000\051\000\040\000\050\006\047\006\104\006\052\006\102\006\047\006\041\000\040\006\107\006\105\006\062\006\052\006\047\006\106\000\040\006\110\006\047\006\104\006\053\006\047\006\106\006\112\006\051\000\040\006\105\006\106\006\107\006\105\006\047\000\040\006\063\006\047\006\103\006\106\006\051\000\051}{subsubsection.107}% 50
\BOOKMARK [3][-]{subsubsection.111}{\376\377\0003\000.\0003\000.\0001\000.\0009\000\040\000M\000e\000e\000t\000i\000n\000g\000\040\000T\000w\000o\000\040\000S\000a\000k\000i\000n\000\040\000L\000e\000t\000t\000e\000r\000s\000\040\000\050\006\047\006\104\006\052\006\102\006\047\006\041\000\040\006\047\006\104\006\063\006\047\006\103\006\106\006\112\006\106\000\051}{subsection.65}% 51
\BOOKMARK [3][-]{subsubsection.113}{\376\377\0003\000.\0003\000.\0001\000.\0001\0000\000\040\000S\000h\000a\000d\000d\000a\000\040\000\050\006\047\006\104\006\052\006\064\006\057\006\112\006\057\000\051}{subsection.65}% 52
\BOOKMARK [3][-]{subsubsection.114}{\376\377\0003\000.\0003\000.\0001\000.\0001\0001\000\040\000P\000a\000u\000s\000i\000n\000g\000\040\000\050\006\047\006\104\006\110\006\102\006\101\000\051}{subsection.65}% 53
\BOOKMARK [3][-]{subsubsection.115}{\376\377\0003\000.\0003\000.\0001\000.\0001\0002\000\040\000Q\000a\000l\000q\000a\000l\000a\000\040\000\050\006\047\006\104\006\102\006\104\006\102\006\051\000\051}{subsection.65}% 54
\BOOKMARK [3][-]{subsubsection.116}{\376\377\0003\000.\0003\000.\0001\000.\0001\0003\000\040\000I\000m\000a\000l\000a\000\040\000\050\006\047\006\104\006\045\006\105\006\047\006\104\006\051\000\051}{subsection.65}% 55
\BOOKMARK [3][-]{subsubsection.118}{\376\377\0003\000.\0003\000.\0001\000.\0001\0004\000\040\000T\000a\000s\000h\000e\000e\000l\000\040\000\050\006\047\006\104\006\052\006\063\006\107\006\112\006\104\000\051}{subsection.65}% 56
\BOOKMARK [3][-]{subsubsection.120}{\376\377\0003\000.\0003\000.\0001\000.\0001\0005\000\040\000S\000a\000k\000t\000\040\000\050\006\047\006\104\006\063\006\103\006\052\000\051}{subsection.65}% 57
\BOOKMARK [3][-]{subsubsection.121}{\376\377\0003\000.\0003\000.\0001\000.\0001\0006\000\040\000I\000m\000p\000l\000e\000m\000e\000n\000t\000a\000t\000i\000o\000n}{subsection.65}% 58
\BOOKMARK [1][-]{section.148}{\376\377\0003\000.\0004\000\040\000S\000i\000f\000a\000t\000\040\000L\000e\000v\000e\000l}{chapter.34}% 59
\BOOKMARK [2][-]{subsubsection.149}{\376\377\0003\000.\0004\000.\0000\000.\0001\000\040\000T\000a\000f\000k\000h\000e\000e\000m\000\040\000a\000n\000d\000\040\000T\000a\000r\000q\000e\000e\000q\000\040\000\050\006\047\006\104\006\052\006\101\006\056\006\112\006\105\000\040\006\110\006\047\006\104\006\052\006\061\006\102\006\112\006\102\000\051}{section.148}% 60
\BOOKMARK [0][-]{chapter.159}{\376\377\0004\000\040\000P\000r\000e\000p\000a\000r\000i\000n\000g\000\040\000D\000a\000t\000a\000s\000e\000t}{}% 61
\BOOKMARK [1][-]{section.160}{\376\377\0004\000.\0001\000\040\000I\000n\000t\000r\000o\000d\000u\000c\000t\000i\000o\000n}{chapter.159}% 62
\BOOKMARK [1][-]{section.169}{\376\377\0004\000.\0002\000\040\000C\000h\000o\000o\000s\000e\000\040\000a\000\040\000D\000i\000g\000i\000t\000i\000z\000e\000d\000\040\000V\000e\000r\000s\000i\000o\000n\000\040\000o\000f\000\040\000t\000h\000e\000\040\000H\000o\000l\000y\000\040\000Q\000u\000r\000a\000n}{chapter.159}% 63
\BOOKMARK [1][-]{section.172}{\376\377\0004\000.\0003\000\040\000D\000e\000f\000i\000n\000i\000n\000g\000\040\000V\000a\000r\000i\000a\000n\000t\000\040\000C\000r\000i\000t\000e\000r\000i\000a\000\040\000f\000o\000r\000\040\000H\000a\000f\000s}{chapter.159}% 64
\BOOKMARK [2][-]{subsection.173}{\376\377\0004\000.\0003\000.\0001\000\040\000M\000o\000s\000h\000a\000f\000\040\000A\000t\000t\000r\000i\000b\000u\000t\000e\000\040\000D\000e\000f\000i\000n\000i\000t\000i\000o\000n\000s}{section.172}% 65
\BOOKMARK [1][-]{section.174}{\376\377\0004\000.\0004\000\040\000C\000o\000l\000l\000e\000c\000t\000i\000o\000n\000\040\000o\000f\000\040\000E\000x\000p\000e\000r\000t\000\040\000R\000e\000c\000i\000t\000a\000t\000i\000o\000n\000s}{chapter.159}% 66
\BOOKMARK [2][-]{subsection.178}{\376\377\0004\000.\0004\000.\0001\000\040\000R\000u\000n\000n\000i\000n\000g\000\040\000t\000h\000e\000\040\000C\000o\000l\000l\000e\000c\000t\000i\000o\000n\000\040\000A\000p\000p\000l\000i\000c\000a\000t\000i\000o\000n}{section.174}% 67
\BOOKMARK [3][-]{subsubsection.179}{\376\377\0004\000.\0004\000.\0001\000.\0001\000\040\000C\000l\000o\000n\000i\000n\000g\000\040\000t\000h\000e\000\040\000R\000e\000p\000o\000s\000i\000t\000o\000r\000y}{subsection.178}% 68
\BOOKMARK [3][-]{subsubsection.182}{\376\377\0004\000.\0004\000.\0001\000.\0002\000\040\000I\000n\000s\000t\000a\000l\000l\000i\000n\000g\000\040\000`\000u\000v\000`}{subsection.178}% 69
\BOOKMARK [3][-]{subsubsection.187}{\376\377\0004\000.\0004\000.\0001\000.\0003\000\040\000I\000n\000s\000t\000a\000l\000l\000i\000n\000g\000\040\000P\000r\000o\000j\000e\000c\000t\000\040\000D\000e\000p\000e\000n\000d\000e\000n\000c\000i\000e\000s}{subsection.178}% 70
\BOOKMARK [3][-]{subsubsection.191}{\376\377\0004\000.\0004\000.\0001\000.\0004\000\040\000I\000n\000s\000t\000a\000l\000l\000i\000n\000g\000\040\000F\000r\000o\000n\000t\000e\000n\000d\000\040\000D\000e\000p\000e\000n\000d\000e\000n\000c\000i\000e\000s}{subsection.178}% 71
\BOOKMARK [3][-]{subsubsection.195}{\376\377\0004\000.\0004\000.\0001\000.\0005\000\040\000L\000a\000u\000n\000c\000h\000i\000n\000g\000\040\000t\000h\000e\000\040\000F\000r\000o\000n\000t\000e\000n\000d\000\040\000A\000p\000p\000l\000i\000c\000a\000t\000i\000o\000n}{subsection.178}% 72
\BOOKMARK [2][-]{subsection.198}{\376\377\0004\000.\0004\000.\0002\000\040\000U\000I\000\040\000S\000n\000a\000p\000s\000h\000o\000t\000s}{section.174}% 73
\BOOKMARK [1][-]{section.205}{\376\377\0004\000.\0005\000\040\000S\000e\000g\000m\000e\000n\000t\000a\000t\000i\000o\000n\000\040\000o\000f\000\040\000R\000e\000c\000i\000t\000a\000t\000i\000o\000n\000s}{chapter.159}% 74
\BOOKMARK [2][-]{subsection.206}{\376\377\0004\000.\0005\000.\0001\000\040\000P\000r\000e\000p\000a\000r\000a\000t\000i\000o\000n\000\040\000o\000f\000\040\000S\000e\000g\000m\000e\000n\000t\000e\000r\000\040\000T\000r\000a\000i\000n\000i\000n\000g\000\040\000D\000a\000t\000a}{section.205}% 75
\BOOKMARK [3][-]{subsubsection.209}{\376\377\0004\000.\0005\000.\0001\000.\0001\000\040\000D\000a\000t\000a\000\040\000A\000u\000g\000m\000e\000n\000t\000a\000t\000i\000o\000n}{subsection.206}% 76
\BOOKMARK [2][-]{subsection.210}{\376\377\0004\000.\0005\000.\0002\000\040\000S\000e\000g\000m\000e\000n\000t\000e\000r\000\040\000T\000r\000a\000i\000n\000i\000n\000g}{section.205}% 77
\BOOKMARK [1][-]{section.213}{\376\377\0004\000.\0006\000\040\000T\000r\000a\000n\000s\000c\000r\000i\000b\000e\000\040\000S\000e\000g\000m\000e\000n\000t\000e\000d\000\040\000P\000a\000r\000t\000s}{chapter.159}% 78
\BOOKMARK [1][-]{section.214}{\376\377\0004\000.\0007\000\040\000V\000e\000r\000i\000f\000i\000c\000a\000t\000i\000o\000n\000\040\000o\000f\000\040\000S\000e\000g\000m\000e\000n\000t\000a\000t\000i\000o\000n\000\040\000a\000n\000d\000\040\000T\000r\000a\000n\000s\000c\000r\000i\000p\000t\000i\000o\000n}{chapter.159}% 79
\BOOKMARK [1][-]{section.215}{\376\377\0004\000.\0008\000\040\000D\000a\000t\000a\000\040\000V\000e\000r\000i\000f\000i\000c\000a\000t\000i\000o\000n}{chapter.159}% 80
\BOOKMARK [2][-]{subsection.219}{\376\377\0004\000.\0008\000.\0001\000\040\000T\000r\000a\000n\000s\000c\000r\000i\000p\000t\000i\000o\000n\000\040\000V\000e\000r\000i\000f\000i\000c\000a\000t\000i\000o\000n\000:\000\040\000A\000\040\006\052\006\063\006\105\006\112\006\071\000-\000I\000n\000s\000p\000i\000r\000e\000d\000\040\000A\000l\000g\000o\000r\000i\000t\000h\000m}{section.215}% 81
\BOOKMARK [0][-]{chapter.230}{\376\377\0005\000\040\000M\000o\000d\000e\000l\000i\000n\000g\000\040\000Q\000u\000r\000a\000n\000\040\000P\000h\000o\000n\000e\000t\000i\000c\000\040\000S\000c\000r\000i\000p\000t}{}% 82
\BOOKMARK [1][-]{section.231}{\376\377\0005\000.\0001\000\040\000M\000o\000d\000e\000l\000i\000n\000g}{chapter.230}% 83
\BOOKMARK [0][-]{chapter.235}{\376\377\0006\000\040\000R\000e\000s\000u\000l\000t\000s}{}% 84
\BOOKMARK [1][-]{section.236}{\376\377\0006\000.\0001\000\040\000R\000e\000s\000u\000l\000t\000s}{chapter.235}% 85
\BOOKMARK [0][-]{chapter.241}{\376\377\0007\000\040\000C\000o\000n\000c\000l\000u\000s\000i\000o\000n}{}% 86
\BOOKMARK [1][-]{section.243}{\376\377\0007\000.\0001\000\040\000L\000i\000m\000i\000t\000a\000t\000i\000o\000n\000s\000\040\000a\000n\000d\000\040\000F\000u\000t\000u\000r\000e\000\040\000W\000o\000r\000k}{chapter.241}% 87
\BOOKMARK [2][-]{subsection.244}{\376\377\0007\000.\0001\000.\0001\000\040\000F\000u\000t\000u\000r\000e\000\040\000W\000o\000r\000k}{section.243}% 88
\BOOKMARK [0][-]{dummy.249}{\376\377\000R\000e\000f\000e\000r\000e\000n\000c\000e\000s}{}% 89
